Determining if the pthread_create exist failed with the following output:
Change Dir: /home/dlinano/JetsonNano/build/CMakeFiles/CMakeTmp

Run Build Command:"/usr/bin/make" "cmTC_884fb/fast"
/usr/bin/make -f CMakeFiles/cmTC_884fb.dir/build.make CMakeFiles/cmTC_884fb.dir/build
make[1]: Verzeichnis „/home/dlinano/JetsonNano/build/CMakeFiles/CMakeTmp“ wird betreten
Building C object CMakeFiles/cmTC_884fb.dir/CheckSymbolExists.c.o
/usr/bin/cc   -fPIC    -o CMakeFiles/cmTC_884fb.dir/CheckSymbolExists.c.o   -c /home/dlinano/JetsonNano/build/CMakeFiles/CMakeTmp/CheckSymbolExists.c
Linking C executable cmTC_884fb
/usr/bin/cmake -E cmake_link_script CMakeFiles/cmTC_884fb.dir/link.txt --verbose=1
/usr/bin/cc -fPIC     CMakeFiles/cmTC_884fb.dir/CheckSymbolExists.c.o  -o cmTC_884fb 
CMakeFiles/cmTC_884fb.dir/CheckSymbolExists.c.o: In Funktion »main«:
CheckSymbolExists.c:(.text+0x14): Warnung: undefinierter Verweis auf »pthread_create«
CheckSymbolExists.c:(.text+0x18): Warnung: undefinierter Verweis auf »pthread_create«
collect2: error: ld returned 1 exit status
CMakeFiles/cmTC_884fb.dir/build.make:97: recipe for target 'cmTC_884fb' failed
make[1]: *** [cmTC_884fb] Error 1
make[1]: Verzeichnis „/home/dlinano/JetsonNano/build/CMakeFiles/CMakeTmp“ wird verlassen
Makefile:126: recipe for target 'cmTC_884fb/fast' failed
make: *** [cmTC_884fb/fast] Error 2

File /home/dlinano/JetsonNano/build/CMakeFiles/CMakeTmp/CheckSymbolExists.c:
/* */
#include <pthread.h>

int main(int argc, char** argv)
{
  (void)argv;
#ifndef pthread_create
  return ((int*)(&pthread_create))[argc];
#else
  (void)argc;
  return 0;
#endif
}

Determining if the function pthread_create exists in the pthreads failed with the following output:
Change Dir: /home/dlinano/JetsonNano/build/CMakeFiles/CMakeTmp

Run Build Command:"/usr/bin/make" "cmTC_acf1d/fast"
/usr/bin/make -f CMakeFiles/cmTC_acf1d.dir/build.make CMakeFiles/cmTC_acf1d.dir/build
make[1]: Verzeichnis „/home/dlinano/JetsonNano/build/CMakeFiles/CMakeTmp“ wird betreten
Building C object CMakeFiles/cmTC_acf1d.dir/CheckFunctionExists.c.o
/usr/bin/cc   -fPIC -DCHECK_FUNCTION_EXISTS=pthread_create   -o CMakeFiles/cmTC_acf1d.dir/CheckFunctionExists.c.o   -c /usr/share/cmake-3.10/Modules/CheckFunctionExists.c
Linking C executable cmTC_acf1d
/usr/bin/cmake -E cmake_link_script CMakeFiles/cmTC_acf1d.dir/link.txt --verbose=1
/usr/bin/cc -fPIC -DCHECK_FUNCTION_EXISTS=pthread_create    CMakeFiles/cmTC_acf1d.dir/CheckFunctionExists.c.o  -o cmTC_acf1d -lpthreads 
/usr/bin/ld: -lpthreads kann nicht gefunden werden
collect2: error: ld returned 1 exit status
CMakeFiles/cmTC_acf1d.dir/build.make:97: recipe for target 'cmTC_acf1d' failed
make[1]: *** [cmTC_acf1d] Error 1
make[1]: Verzeichnis „/home/dlinano/JetsonNano/build/CMakeFiles/CMakeTmp“ wird verlassen
Makefile:126: recipe for target 'cmTC_acf1d/fast' failed
make: *** [cmTC_acf1d/fast] Error 2


